{
  "RSpec": {
    "coverage": {
      "/home/andy/Рабочий стол/paliturka/app/models/user.rb": {
        "lines": [
          1,
          1,
          null,
          null,
          null,
          1,
          null,
          null,
          null,
          null,
          null,
          null,
          null,
          null,
          1,
          null,
          1,
          null,
          2,
          null,
          null,
          null,
          null
        ]
      },
      "/home/andy/Рабочий стол/paliturka/app/models/application_record.rb": {
        "lines": [
          1,
          1,
          null
        ]
      },
      "/home/andy/Рабочий стол/paliturka/app/models/concerns/users/allowlist.rb": {
        "lines": [
          1,
          1,
          null,
          1,
          1,
          null,
          null,
          1,
          0,
          null,
          null,
          null,
          1,
          0,
          0,
          null,
          null,
          null,
          null,
          1,
          2,
          2,
          null,
          null,
          null,
          null,
          2,
          0,
          null,
          null,
          null,
          null,
          null,
          null,
          null,
          null,
          2,
          null,
          null
        ]
      },
      "/home/andy/Рабочий стол/paliturka/app/helpers/application_helper.rb": {
        "lines": [
          1,
          null
        ]
      },
      "/home/andy/Рабочий стол/paliturka/app/helpers/posts_helper.rb": {
        "lines": [
          1,
          null
        ]
      },
      "/home/andy/Рабочий стол/paliturka/app/controllers/posts_controller.rb": {
        "lines": [
          1,
          1,
          0,
          null,
          0,
          null,
          null,
          1,
          0,
          null,
          0,
          null,
          null,
          1,
          0,
          0,
          0,
          null,
          0,
          null,
          null,
          null,
          1,
          0,
          0,
          null,
          0,
          null,
          null,
          1,
          0,
          null,
          0,
          0,
          0,
          null,
          0,
          null,
          null,
          null,
          1,
          null,
          1,
          0,
          null,
          null
        ]
      },
      "/home/andy/Рабочий стол/paliturka/app/controllers/application_controller.rb": {
        "lines": [
          1,
          1,
          null,
          1,
          null,
          1,
          0,
          null,
          null,
          1,
          3,
          3,
          null,
          null
        ]
      },
      "/home/andy/Рабочий стол/paliturka/app/controllers/registrations_controller.rb": {
        "lines": [
          1,
          1,
          null,
          null,
          null,
          1,
          1,
          null,
          1,
          1,
          1,
          null,
          0,
          null,
          null,
          null
        ]
      },
      "/home/andy/Рабочий стол/paliturka/app/controllers/sessions_controller.rb": {
        "lines": [
          1,
          1,
          null,
          null,
          null,
          1,
          null,
          2,
          2,
          2,
          2,
          null,
          null,
          null,
          null,
          2,
          2,
          2,
          2,
          null,
          null,
          null,
          null,
          2,
          null,
          2,
          null,
          0,
          null,
          null,
          0,
          null,
          null,
          1,
          null,
          1,
          2,
          null,
          null,
          null,
          null,
          1,
          null,
          null,
          2,
          null,
          null,
          null,
          null,
          null,
          null,
          null,
          1,
          0,
          null,
          null
        ]
      },
      "/home/andy/Рабочий стол/paliturka/app/models/post.rb": {
        "lines": [
          1,
          1,
          null,
          1,
          null
        ]
      },
      "/home/andy/Рабочий стол/paliturka/app/models/allowlisted_jwt.rb": {
        "lines": [
          1,
          null
        ]
      },
      "/home/andy/Рабочий стол/paliturka/app/controllers/ping_controller.rb": {
        "lines": [
          1,
          1,
          null,
          null,
          1,
          1,
          null,
          null,
          null,
          1,
          1,
          null,
          null
        ]
      }
    },
    "timestamp": 1630846779
  }
}
